<?xml version="1.0" encoding="UTF-8"?>
<!-- Generated by org.testng.reporters.JUnitXMLReporter -->
<testsuite ignored="1" hostname="DESKTOP-LKHQBG4" failures="0" tests="1" name="Default test" time="29.001" errors="0" timestamp="2023-04-10T10:17:43 IST">
  <testcase classname="com.w3schools.tests.BillingTest" name="billing" time="28.949"/>
  <testcase classname="com.w3schools.tests.LoginTest" name="loginW3Schools" time="0.0">
    <ignored/>
  </testcase> <!-- loginW3Schools -->
</testsuite> <!-- Default test -->
