<?xml version="1.0" encoding="UTF-8"?>
<testng-results ignored="0" total="1" passed="1" failed="0" skipped="0">
  <reporter-output>
  </reporter-output>
  <suite started-at="2023-05-09T16:40:47 IST" name="Suite" finished-at="2023-05-09T16:41:04 IST" duration-ms="16374">
    <groups>
    </groups>
    <test started-at="2023-05-09T16:40:47 IST" name="Test" finished-at="2023-05-09T16:41:04 IST" duration-ms="16374">
      <class name="com.w3schools.utils.Reports">
        <test-method is-config="true" signature="startReport()[pri:0, instance:com.w3schools.utils.Reports@3a44431a]" started-at="2023-05-09T16:40:47 IST" name="startReport" finished-at="2023-05-09T16:40:47 IST" duration-ms="364" status="PASS">
          <reporter-output>
          </reporter-output>
        </test-method> <!-- startReport -->
        <test-method is-config="true" signature="endReport()[pri:0, instance:com.w3schools.utils.Reports@3a44431a]" started-at="2023-05-09T16:41:09 IST" name="endReport" finished-at="2023-05-09T16:41:09 IST" duration-ms="534" status="PASS">
          <reporter-output>
          </reporter-output>
        </test-method> <!-- endReport -->
      </class> <!-- com.w3schools.utils.Reports -->
      <class name="com.w3schools.tests.LoginTest">
        <test-method signature="loginW3Schools()[pri:0, instance:com.w3schools.tests.LoginTest@7bab3f1a]" started-at="2023-05-09T16:40:47 IST" name="loginW3Schools" finished-at="2023-05-09T16:41:04 IST" duration-ms="16347" status="PASS">
          <reporter-output>
          </reporter-output>
        </test-method> <!-- loginW3Schools -->
      </class> <!-- com.w3schools.tests.LoginTest -->
    </test> <!-- Test -->
  </suite> <!-- Suite -->
</testng-results>
